2019-10-25 17:14:18,060 get_config.py[line:42] INFO =====Begin to connect phone=====
2019-10-25 17:14:31,410 get_config.py[line:44] INFO =====starting app,please wait=====
2019-10-25 17:14:31,417 get_config.py[line:46] INFO =====wait to page refresh=====
2019-10-25 21:24:33,753 driver_handler.py[line:42] INFO =====Begin to connect phone=====
2019-10-25 21:24:49,934 driver_handler.py[line:44] INFO =====starting app,please wait=====
2019-10-25 21:24:49,938 driver_handler.py[line:46] INFO =====wait to page refresh=====
2019-10-25 21:24:52,028 common_fun.py[line:41] INFO =====Click Cancel btn====
2019-10-25 21:24:54,352 common_fun.py[line:54] INFO =====Click skip btn====
2019-10-25 21:29:00,230 driver_handler.py[line:42] INFO =====Begin to connect phone=====
2019-10-25 21:29:16,664 driver_handler.py[line:44] INFO =====starting app,please wait=====
2019-10-25 21:29:16,669 driver_handler.py[line:46] INFO =====wait to page refresh=====
2019-10-25 21:29:18,378 common_fun.py[line:41] INFO =====Click Cancel btn====
2019-10-25 21:29:19,651 common_fun.py[line:54] INFO =====Click skip btn====
2019-10-25 21:29:19,651 common_fun.py[line:84] INFO =====Get launch screen shot=====
2019-10-25 21:29:21,713 common_fun.py[line:86] INFO ======Screen shot end=====
2019-10-25 21:30:46,459 driver_handler.py[line:42] INFO =====Begin to connect phone=====
2019-10-25 21:31:01,331 driver_handler.py[line:44] INFO =====starting app,please wait=====
2019-10-25 21:31:01,336 driver_handler.py[line:46] INFO =====wait to page refresh=====
2019-10-25 21:31:04,736 common_fun.py[line:38] INFO =====cancel button does not exist in page =====
2019-10-25 21:31:07,845 common_fun.py[line:51] INFO =====skip button does not exist in page =====
2019-10-25 21:31:07,845 common_fun.py[line:84] INFO =====Get launch screen shot=====
2019-10-25 21:31:09,203 common_fun.py[line:86] INFO ======Screen shot end=====
2019-10-25 21:37:46,278 driver_handler.py[line:42] INFO =====Begin to connect phone=====
2019-10-25 21:37:59,029 driver_handler.py[line:44] INFO =====starting app,please wait=====
2019-10-25 21:37:59,034 driver_handler.py[line:46] INFO =====wait to page refresh=====
2019-10-25 21:50:39,766 driver_handler.py[line:42] INFO =====Begin to connect phone=====
2019-10-25 21:50:53,187 driver_handler.py[line:44] INFO =====starting app,please wait=====
2019-10-25 21:50:53,192 driver_handler.py[line:46] INFO =====wait to page refresh=====
2019-10-25 21:50:54,445 common_fun.py[line:41] INFO =====Click Cancel btn====
2019-10-25 21:50:57,268 common_fun.py[line:54] INFO =====Click skip btn====
2019-10-25 21:50:57,268 common_fun.py[line:90] INFO =====Check advertisement=====
2019-10-26 00:22:47,417 driver_handler.py[line:42] INFO =====Begin to connect phone=====
2019-10-26 00:23:10,324 driver_handler.py[line:44] INFO =====starting app,please wait=====
2019-10-26 00:23:10,329 driver_handler.py[line:46] INFO =====wait to page refresh=====
2019-10-26 00:23:16,142 common_fun.py[line:40] INFO =====Click Cancel btn====
2019-10-26 00:23:17,726 common_fun.py[line:53] INFO =====Click skip btn====
2019-10-26 00:23:23,704 LoginView.py[line:47] INFO =====input username:george9527====
2019-10-26 00:23:29,411 LoginView.py[line:55] INFO =====input password:george9527====
2019-10-26 00:23:30,066 LoginView.py[line:63] INFO =====click to login====
2019-10-26 00:23:30,066 LoginView.py[line:78] INFO =====check login status=====
2019-10-26 00:23:30,066 common_fun.py[line:89] INFO =====Check advertisement=====
2019-10-26 00:23:34,028 LoginView.py[line:67] INFO =====check account logoff alert=====
2019-10-26 00:23:38,284 LoginView.py[line:91] INFO =====login success=====
2019-10-26 00:23:38,315 LoginView.py[line:102] INFO =====click setting button=====
2019-10-26 00:23:40,157 LoginView.py[line:110] INFO =====click logout=====
2019-10-26 00:23:40,920 LoginView.py[line:118] INFO =====click commit button=====
2019-10-26 00:32:14,189 driver_handler.py[line:42] INFO =====Begin to connect phone=====
2019-10-26 00:32:26,932 driver_handler.py[line:44] INFO =====starting app,please wait=====
2019-10-26 00:32:26,938 driver_handler.py[line:46] INFO =====wait to page refresh=====
2019-10-26 00:32:31,032 common_fun.py[line:40] INFO =====Click Cancel btn====
2019-10-26 00:32:32,205 common_fun.py[line:53] INFO =====Click skip btn====
2019-10-26 00:32:38,361 LoginView.py[line:48] INFO =====input username:george9527====
2019-10-26 00:32:43,615 LoginView.py[line:56] INFO =====input password:george9527====
2019-10-26 00:32:44,268 LoginView.py[line:64] INFO =====click to login====
2019-10-26 00:32:49,613 LoginView.py[line:71] INFO =====Welcome to kaoyanbang====
2019-10-26 00:32:49,613 LoginView.py[line:86] INFO =====check login status=====
2019-10-26 00:32:49,613 common_fun.py[line:89] INFO =====Check advertisement=====
2019-10-26 00:32:52,891 LoginView.py[line:75] INFO =====check account logoff alert=====
2019-10-26 00:32:57,223 LoginView.py[line:100] INFO =====login success=====
2019-10-26 00:32:57,317 LoginView.py[line:111] INFO =====click setting button=====
2019-10-26 00:32:59,297 LoginView.py[line:119] INFO =====click logout=====
2019-10-26 00:33:00,077 LoginView.py[line:127] INFO =====click commit button=====
